<?xml version="1.0" encoding="UTF-8"?>
<!-- Generated by org.testng.reporters.JUnitReportReporter -->
<testsuite hostname="Sudhayog" failures="0" tests="1" name="testCases.TC003_Error_Verification" time="22.827" errors="0" timestamp="2020-05-08T03:28:03 SGT" skipped="0">
  <testcase classname="testCases.TC003_Error_Verification" name="addToCart" time="22.827"/>
  <system-out/>
</testsuite> <!-- testCases.TC003_Error_Verification -->
