<?xml version="1.0" encoding="UTF-8"?>
<!-- Generated by org.testng.reporters.JUnitReportReporter -->
<testsuite hostname="Sudhayog" failures="0" tests="2" name="testCases.TC010_Export_All_Orders" time="121.675" errors="0" timestamp="2020-05-09T02:18:19 SGT" skipped="0">
  <testcase classname="testCases.TC010_Export_All_Orders" name="exportOrders" time="43.415"/>
  <system-out/>
  <testcase classname="testCases.TC010_Export_All_Orders" name="readFile" time="78.260"/>
  <system-out/>
</testsuite> <!-- testCases.TC010_Export_All_Orders -->
