<?xml version="1.0" encoding="UTF-8"?>
<!-- Generated by org.testng.reporters.JUnitReportReporter -->
<testsuite hostname="Sudhayog" failures="0" tests="1" name="testCases.TC002_Verify_that_cost_of_product" time="15.094" errors="0" timestamp="2020-05-08T03:28:03 SGT" skipped="0">
  <testcase classname="testCases.TC002_Verify_that_cost_of_product" name="verifyProductPrice" time="15.094"/>
  <system-out/>
</testsuite> <!-- testCases.TC002_Verify_that_cost_of_product -->
