<?xml version="1.0" encoding="UTF-8"?>
<!-- Generated by org.testng.reporters.JUnitReportReporter -->
<testsuite hostname="Sudhayog" failures="0" tests="1" name="testCases.TC002_Verify_that_cost_of_product_in_list_page_and_details_page_are_equal" time="0.000" errors="0" timestamp="2020-05-09T00:07:20 SGT" skipped="1">
  <testcase classname="testCases.TC002_Verify_that_cost_of_product_in_list_page_and_details_page_are_equal" name="verifyProductPrice" time="0.000">
    <skipped/>
  </testcase> <!-- verifyProductPrice -->
  <system-out/>
</testsuite> <!-- testCases.TC002_Verify_that_cost_of_product_in_list_page_and_details_page_are_equal -->
