<?xml version="1.0" encoding="UTF-8"?>
<!-- Generated by org.testng.reporters.JUnitReportReporter -->
<testsuite hostname="Sudhayog" failures="0" tests="3" name="testCases.TC007_Save_Order_as_pdf" time="19.249" errors="0" timestamp="2020-05-08T03:28:03 SGT" skipped="0">
  <testcase classname="testCases.TC007_Save_Order_as_pdf" name="login" time="6.560"/>
  <system-out/>
  <testcase classname="testCases.TC007_Save_Order_as_pdf" name="viewOrder" time="9.900"/>
  <system-out/>
  <testcase classname="testCases.TC007_Save_Order_as_pdf" name="printOrder" time="2.789"/>
  <system-out/>
</testsuite> <!-- testCases.TC007_Save_Order_as_pdf -->
