<?xml version="1.0" encoding="UTF-8"?>
<!-- Generated by org.testng.reporters.JUnitReportReporter -->
<testsuite hostname="Sudhayog" failures="0" tests="1" name="testCases.TC004_Handling_Pop_ups" time="20.006" errors="0" timestamp="2020-05-08T03:28:03 SGT" skipped="0">
  <testcase classname="testCases.TC004_Handling_Pop_ups" name="compareTwoProducts" time="20.006"/>
  <system-out/>
</testsuite> <!-- testCases.TC004_Handling_Pop_ups -->
