<?xml version="1.0" encoding="UTF-8"?>
<!-- Generated by org.testng.reporters.JUnitReportReporter -->
<testsuite hostname="Sudhayog" failures="0" tests="2" name="testCases.TC005_Account_Creation" time="33.119" errors="0" timestamp="2020-05-08T03:28:03 SGT" skipped="0">
  <testcase classname="testCases.TC005_Account_Creation" name="accountRegistration" time="18.689"/>
  <system-out/>
  <testcase classname="testCases.TC005_Account_Creation" name="shareWishList" time="14.430"/>
  <system-out/>
</testsuite> <!-- testCases.TC005_Account_Creation -->
