<?xml version="1.0" encoding="UTF-8"?>
<!-- Generated by org.testng.reporters.JUnitReportReporter -->
<testsuite hostname="Sudhayog" failures="0" tests="5" name="testCases.TC006_Purchase_Product" time="54.371" errors="0" timestamp="2020-05-08T03:28:03 SGT" skipped="0">
  <testcase classname="testCases.TC006_Purchase_Product" name="login" time="6.932"/>
  <system-out/>
  <testcase classname="testCases.TC006_Purchase_Product" name="addToCart" time="25.519"/>
  <system-out/>
  <testcase classname="testCases.TC006_Purchase_Product" name="shippingInfo" time="17.200"/>
  <system-out/>
  <testcase classname="testCases.TC006_Purchase_Product" name="paymentInfo" time="2.454"/>
  <system-out/>
  <testcase classname="testCases.TC006_Purchase_Product" name="Order" time="2.266"/>
  <system-out/>
</testsuite> <!-- testCases.TC006_Purchase_Product -->
